Using pre-set license
Built from '2020.3/release' branch; Version is '2020.3.1f1 (77a89f25062f) revision 7841951'; Using compiler version '192528614'; Build Type 'Release'
OS: 'Windows 10 Home; OS build 22621.2428; Version 2009; 64bit' Language: 'en' Physical Memory: 32513 MB
BatchMode: 1, IsHumanControllingUs: 0, StartBugReporterOnCrash: 0, Is64bit: 1, IsPro: 0

 COMMAND LINE ARGUMENTS:
C:\Program Files\Unity\Hub\Editor\2020.3.1f1\Editor\Unity.exe
-adb2
-batchMode
-noUpm
-name
AssetImportWorker1
-projectPath
C:/Users/zakal_m9erurp/Desktop/All-the-files/HexRedone
-logFile
Logs/AssetImportWorker1.log
-srvPort
54404
Successfully changed project path to: C:/Users/zakal_m9erurp/Desktop/All-the-files/HexRedone
C:/Users/zakal_m9erurp/Desktop/All-the-files/HexRedone
Using Asset Import Pipeline V2.
Refreshing native plugins compatible for Editor in 62.21 ms, found 0 plugins.
Preloading 0 native plugins for Editor in 0.00 ms.
Initialize engine version: 2020.3.1f1 (77a89f25062f)
[Subsystems] Discovering subsystems at path C:/Program Files/Unity/Hub/Editor/2020.3.1f1/Editor/Data/Resources/UnitySubsystems
[Subsystems] Discovering subsystems at path C:/Users/zakal_m9erurp/Desktop/All-the-files/HexRedone/Assets
GfxDevice: creating device client; threaded=0
Direct3D:
    Version:  Direct3D 11.0 [level 11.1]
    Renderer: NVIDIA GeForce RTX 2060 (ID=0x1f55)
    Vendor:   
    VRAM:     5980 MB
    Driver:   30.0.15.1298
Shader 'Universal Render Pipeline/Particles/Lit': fallback shader 'Universal Render Pipeline/Particles/SimpleLit' not found
Initialize mono
Mono path[0] = 'C:/Program Files/Unity/Hub/Editor/2020.3.1f1/Editor/Data/Managed'
Mono path[1] = 'C:/Program Files/Unity/Hub/Editor/2020.3.1f1/Editor/Data/MonoBleedingEdge/lib/mono/unityjit'
Mono config path = 'C:/Program Files/Unity/Hub/Editor/2020.3.1f1/Editor/Data/MonoBleedingEdge/etc'
Using monoOptions --debugger-agent=transport=dt_socket,embedding=1,server=y,suspend=n,address=127.0.0.1:56620
Begin MonoManager ReloadAssembly
Registering precompiled unity dll's ...
Register platform support module: C:/Program Files/Unity/Hub/Editor/2020.3.1f1/Editor/Data/PlaybackEngines/WebGLSupport/UnityEditor.WebGL.Extensions.dll
Register platform support module: C:/Program Files/Unity/Hub/Editor/2020.3.1f1/Editor/Data/PlaybackEngines/WindowsStandaloneSupport/UnityEditor.WindowsStandalone.Extensions.dll
Registered in 0.002781 seconds.
Native extension for WindowsStandalone target not found
Native extension for WebGL target not found
Refreshing native plugins compatible for Editor in 54.32 ms, found 0 plugins.
Preloading 0 native plugins for Editor in 0.00 ms.
Invoked RoslynAnalysisRunner static constructor.
RoslynAnalysisRunner will not be running.
RoslynAnalysisRunner has terminated.
Mono: successfully reloaded assembly
- Completed reload, in  4.590 seconds
Platform modules already initialized, skipping
Registering precompiled user dll's ...
Registered in 0.001630 seconds.
Begin MonoManager ReloadAssembly
Native extension for WindowsStandalone target not found
Native extension for WebGL target not found
Refreshing native plugins compatible for Editor in 52.22 ms, found 0 plugins.
Preloading 0 native plugins for Editor in 0.00 ms.
Invoked RoslynAnalysisRunner static constructor.
RoslynAnalysisRunner will not be running.
RoslynAnalysisRunner has terminated.
Mono: successfully reloaded assembly
- Completed reload, in  1.088 seconds
Platform modules already initialized, skipping
========================================================================
Worker process is ready to serve import requests
Shader 'Universal Render Pipeline/Particles/Lit': fallback shader 'Universal Render Pipeline/Particles/SimpleLit' not found
Launched and connected shader compiler UnityShaderCompiler.exe after 0.08 seconds
Refreshing native plugins compatible for Editor in 0.42 ms, found 0 plugins.
Preloading 0 native plugins for Editor in 0.00 ms.
Unloading 2475 Unused Serialized files (Serialized files now loaded: 0)
System memory in use before: 112.9 MB.
System memory in use after: 74.3 MB.

Unloading 14 unused Assets to reduce memory usage. Loaded Objects now: 2916.
Total: 3.555200 ms (FindLiveObjects: 0.337900 ms CreateObjectMapping: 0.169200 ms MarkObjects: 2.961200 ms  DeleteObjects: 0.085800 ms)

========================================================================
Received Import Request.
  path: Assets/StoneTile.fbx
  artifactKey: Guid(f65c1c7482317734998b2fceca94927d) Importer(815301076,1909f56bfc062723c751e8b465ee728b)
Start importing Assets/StoneTile.fbx using Guid(f65c1c7482317734998b2fceca94927d) Importer(815301076,1909f56bfc062723c751e8b465ee728b)  -> (artifact id: '937084f2b85eecbb41d88cb95491f5b5') in 0.148225 seconds
  Import took 0.152431 seconds .

========================================================================
Received Import Request.
  Time since last request: 89.805427 seconds.
  path: Assets/Base.mat
  artifactKey: Guid(0668a8bbf2a05c54a834ba2153858fd6) Importer(815301076,1909f56bfc062723c751e8b465ee728b)
Start importing Assets/Base.mat using Guid(0668a8bbf2a05c54a834ba2153858fd6) Importer(815301076,1909f56bfc062723c751e8b465ee728b)  -> (artifact id: '06c314b662c3eca39856d20e1a34fc2e') in 0.042870 seconds
  Import took 0.048166 seconds .

========================================================================
Received Import Request.
  Time since last request: 150.011575 seconds.
  path: Assets/Base.mat
  artifactKey: Guid(0668a8bbf2a05c54a834ba2153858fd6) Importer(815301076,1909f56bfc062723c751e8b465ee728b)
Start importing Assets/Base.mat using Guid(0668a8bbf2a05c54a834ba2153858fd6) Importer(815301076,1909f56bfc062723c751e8b465ee728b)  -> (artifact id: '8bfa434eafa4532fa518e23f6391c2c7') in 0.016094 seconds
  Import took 0.020754 seconds .

AssetImportWorkerClient::OnTransportError - code=2 error=End of file
