Using pre-set license
Built from '2020.3/release' branch; Version is '2020.3.1f1 (77a89f25062f) revision 7841951'; Using compiler version '192528614'; Build Type 'Release'
OS: 'Windows 10 Pro; OS build 22621.2861; Version 2009; 64bit' Language: 'en' Physical Memory: 16171 MB
BatchMode: 1, IsHumanControllingUs: 0, StartBugReporterOnCrash: 0, Is64bit: 1, IsPro: 0

 COMMAND LINE ARGUMENTS:
C:\Program Files\Unity\Hub\Editor\2020.3.1f1\Editor\Unity.exe
-adb2
-batchMode
-noUpm
-name
AssetImportWorker1
-projectPath
C:/Users/matej/OneDrive/Documents/GitHub/HexRedone/HexRedone/HexRedone
-logFile
Logs/AssetImportWorker1.log
-srvPort
50607
Successfully changed project path to: C:/Users/matej/OneDrive/Documents/GitHub/HexRedone/HexRedone/HexRedone
C:/Users/matej/OneDrive/Documents/GitHub/HexRedone/HexRedone/HexRedone
Using Asset Import Pipeline V2.
Refreshing native plugins compatible for Editor in 49.46 ms, found 0 plugins.
Preloading 0 native plugins for Editor in 0.00 ms.
Initialize engine version: 2020.3.1f1 (77a89f25062f)
[Subsystems] Discovering subsystems at path C:/Program Files/Unity/Hub/Editor/2020.3.1f1/Editor/Data/Resources/UnitySubsystems
[Subsystems] Discovering subsystems at path C:/Users/matej/OneDrive/Documents/GitHub/HexRedone/HexRedone/HexRedone/Assets
GfxDevice: creating device client; threaded=0
Direct3D:
    Version:  Direct3D 11.0 [level 11.1]
    Renderer: AMD Radeon RX 6600 (ID=0x73ff)
    Vendor:   
    VRAM:     8147 MB
    Driver:   31.0.22023.1014
Shader 'Universal Render Pipeline/Particles/Lit': fallback shader 'Universal Render Pipeline/Particles/SimpleLit' not found
Initialize mono
Mono path[0] = 'C:/Program Files/Unity/Hub/Editor/2020.3.1f1/Editor/Data/Managed'
Mono path[1] = 'C:/Program Files/Unity/Hub/Editor/2020.3.1f1/Editor/Data/MonoBleedingEdge/lib/mono/unityjit'
Mono config path = 'C:/Program Files/Unity/Hub/Editor/2020.3.1f1/Editor/Data/MonoBleedingEdge/etc'
Using monoOptions --debugger-agent=transport=dt_socket,embedding=1,server=y,suspend=n,address=127.0.0.1:56676
Begin MonoManager ReloadAssembly
Registering precompiled unity dll's ...
Register platform support module: C:/Program Files/Unity/Hub/Editor/2020.3.1f1/Editor/Data/PlaybackEngines/WindowsStandaloneSupport/UnityEditor.WindowsStandalone.Extensions.dll
Register platform support module: C:/Program Files/Unity/Hub/Editor/2020.3.1f1/Editor/Data/PlaybackEngines/LinuxStandaloneSupport/UnityEditor.LinuxStandalone.Extensions.dll
Registered in 0.002058 seconds.
Native extension for LinuxStandalone target not found
Native extension for WindowsStandalone target not found
Refreshing native plugins compatible for Editor in 44.63 ms, found 0 plugins.
Preloading 0 native plugins for Editor in 0.00 ms.
Invoked RoslynAnalysisRunner static constructor.
RoslynAnalysisRunner will not be running.
RoslynAnalysisRunner has terminated.
Mono: successfully reloaded assembly
- Completed reload, in  1.772 seconds
Platform modules already initialized, skipping
Registering precompiled user dll's ...
Registered in 0.003648 seconds.
Begin MonoManager ReloadAssembly
Native extension for LinuxStandalone target not found
Native extension for WindowsStandalone target not found
Refreshing native plugins compatible for Editor in 46.82 ms, found 0 plugins.
Preloading 0 native plugins for Editor in 0.00 ms.
Invoked RoslynAnalysisRunner static constructor.
RoslynAnalysisRunner will not be running.
RoslynAnalysisRunner has terminated.
Mono: successfully reloaded assembly
- Completed reload, in  2.915 seconds
Platform modules already initialized, skipping
========================================================================
Worker process is ready to serve import requests
Shader 'Universal Render Pipeline/Particles/Lit': fallback shader 'Universal Render Pipeline/Particles/SimpleLit' not found
Launched and connected shader compiler UnityShaderCompiler.exe after 0.14 seconds
Refreshing native plugins compatible for Editor in 0.90 ms, found 0 plugins.
Preloading 0 native plugins for Editor in 0.00 ms.
Unloading 2554 Unused Serialized files (Serialized files now loaded: 0)
System memory in use before: 122.9 MB.
System memory in use after: 123.0 MB.

Unloading 14 unused Assets to reduce memory usage. Loaded Objects now: 3001.
Total: 3.323700 ms (FindLiveObjects: 0.366500 ms CreateObjectMapping: 0.084100 ms MarkObjects: 2.727500 ms  DeleteObjects: 0.144200 ms)

========================================================================
Received Import Request.
  path: Assets/Data.cs
  artifactKey: Guid(ec3ed5d0fc069614da4229caf7ea8019) Importer(815301076,1909f56bfc062723c751e8b465ee728b)
Start importing Assets/Data.cs using Guid(ec3ed5d0fc069614da4229caf7ea8019) Importer(815301076,1909f56bfc062723c751e8b465ee728b)  -> (artifact id: 'f0aa8c833b6f4a7cf8733f0ab750fa43') in 0.089536 seconds
  Import took 0.099272 seconds .

========================================================================
Received Import Request.
  Time since last request: 0.000264 seconds.
  path: Assets/Hex.cs
  artifactKey: Guid(8cc6e13bf49837a418c8b5aaa1e2328f) Importer(815301076,1909f56bfc062723c751e8b465ee728b)
Start importing Assets/Hex.cs using Guid(8cc6e13bf49837a418c8b5aaa1e2328f) Importer(815301076,1909f56bfc062723c751e8b465ee728b)  -> (artifact id: '75ee5752083f46f9c2b3463762a9d719') in 0.008786 seconds
  Import took 0.015015 seconds .

========================================================================
Received Import Request.
  Time since last request: 0.000315 seconds.
  path: Assets/Detector.cs
  artifactKey: Guid(282fbf4fe7979164f8e9c6de704c5a77) Importer(815301076,1909f56bfc062723c751e8b465ee728b)
Start importing Assets/Detector.cs using Guid(282fbf4fe7979164f8e9c6de704c5a77) Importer(815301076,1909f56bfc062723c751e8b465ee728b)  -> (artifact id: 'fc082deba8225ee3492c55fcf0097bcc') in 0.011665 seconds
  Import took 0.016948 seconds .

========================================================================
Received Import Request.
  Time since last request: 0.000272 seconds.
  path: Assets/CameraController.cs
  artifactKey: Guid(59fa8e70306fdb248b8b43131ad84571) Importer(815301076,1909f56bfc062723c751e8b465ee728b)
Start importing Assets/CameraController.cs using Guid(59fa8e70306fdb248b8b43131ad84571) Importer(815301076,1909f56bfc062723c751e8b465ee728b)  -> (artifact id: '4cb0e7c98c851b91a024423878d4ea4f') in 0.011110 seconds
  Import took 0.017963 seconds .

========================================================================
Received Prepare
Registering precompiled user dll's ...
Registered in 0.001761 seconds.
Begin MonoManager ReloadAssembly
Native extension for LinuxStandalone target not found
Native extension for WindowsStandalone target not found
Refreshing native plugins compatible for Editor in 0.51 ms, found 0 plugins.
Preloading 0 native plugins for Editor in 0.00 ms.
Invoked RoslynAnalysisRunner static constructor.
RoslynAnalysisRunner will not be running.
RoslynAnalysisRunner has terminated.
URP_Renderer is missing RendererFeatures
This could be due to missing scripts or compile error.
UnityEngine.StackTraceUtility:ExtractStackTrace ()
UnityEngine.DebugLogHandler:LogFormat (UnityEngine.LogType,UnityEngine.Object,string,object[])
UnityEngine.Logger:Log (UnityEngine.LogType,object,UnityEngine.Object)
UnityEngine.Debug:LogError (object,UnityEngine.Object)
UnityEngine.Rendering.Universal.ScriptableRendererData:ValidateRendererFeatures () (at C:/Users/zakal_m9erurp/Documents/GitHub/GHex/HexRedone/Library/PackageCache/com.unity.render-pipelines.universal@10.3.2/Runtime/ScriptableRendererData.cs:135)
UnityEngine.Rendering.Universal.ScriptableRendererData:OnValidate () (at C:/Users/zakal_m9erurp/Documents/GitHub/GHex/HexRedone/Library/PackageCache/com.unity.render-pipelines.universal@10.3.2/Runtime/ScriptableRendererData.cs:59)

(Filename: C:/Users/zakal_m9erurp/Documents/GitHub/GHex/HexRedone/Library/PackageCache/com.unity.render-pipelines.universal@10.3.2/Runtime/ScriptableRendererData.cs Line: 135)

Mono: successfully reloaded assembly
- Completed reload, in  0.871 seconds
Platform modules already initialized, skipping
Shader 'Universal Render Pipeline/Particles/Lit': fallback shader 'Universal Render Pipeline/Particles/SimpleLit' not found
Refreshing native plugins compatible for Editor in 1.05 ms, found 0 plugins.
Preloading 0 native plugins for Editor in 0.00 ms.
Unloading 2429 Unused Serialized files (Serialized files now loaded: 0)
System memory in use before: 115.5 MB.
System memory in use after: 115.7 MB.

Unloading 11 unused Assets to reduce memory usage. Loaded Objects now: 3003.
Total: 3.678300 ms (FindLiveObjects: 0.316300 ms CreateObjectMapping: 0.161300 ms MarkObjects: 3.090100 ms  DeleteObjects: 0.108800 ms)

========================================================================
Received Import Request.
  Time since last request: 75.863319 seconds.
  path: Assets/Data.cs
  artifactKey: Guid(ec3ed5d0fc069614da4229caf7ea8019) Importer(815301076,1909f56bfc062723c751e8b465ee728b)
Start importing Assets/Data.cs using Guid(ec3ed5d0fc069614da4229caf7ea8019) Importer(815301076,1909f56bfc062723c751e8b465ee728b)  -> (artifact id: 'b5251a4ce96244aaa9b482df14645635') in 0.015172 seconds
  Import took 0.047192 seconds .

========================================================================
Received Prepare
Registering precompiled user dll's ...
Registered in 0.001658 seconds.
Begin MonoManager ReloadAssembly
Native extension for LinuxStandalone target not found
Native extension for WindowsStandalone target not found
Refreshing native plugins compatible for Editor in 1.03 ms, found 0 plugins.
Preloading 0 native plugins for Editor in 0.00 ms.
Invoked RoslynAnalysisRunner static constructor.
RoslynAnalysisRunner will not be running.
RoslynAnalysisRunner has terminated.
URP_Renderer is missing RendererFeatures
This could be due to missing scripts or compile error.
UnityEngine.StackTraceUtility:ExtractStackTrace ()
UnityEngine.DebugLogHandler:LogFormat (UnityEngine.LogType,UnityEngine.Object,string,object[])
UnityEngine.Logger:Log (UnityEngine.LogType,object,UnityEngine.Object)
UnityEngine.Debug:LogError (object,UnityEngine.Object)
UnityEngine.Rendering.Universal.ScriptableRendererData:ValidateRendererFeatures () (at C:/Users/zakal_m9erurp/Documents/GitHub/GHex/HexRedone/Library/PackageCache/com.unity.render-pipelines.universal@10.3.2/Runtime/ScriptableRendererData.cs:135)
UnityEngine.Rendering.Universal.ScriptableRendererData:OnValidate () (at C:/Users/zakal_m9erurp/Documents/GitHub/GHex/HexRedone/Library/PackageCache/com.unity.render-pipelines.universal@10.3.2/Runtime/ScriptableRendererData.cs:59)

(Filename: C:/Users/zakal_m9erurp/Documents/GitHub/GHex/HexRedone/Library/PackageCache/com.unity.render-pipelines.universal@10.3.2/Runtime/ScriptableRendererData.cs Line: 135)

Mono: successfully reloaded assembly
- Completed reload, in  0.999 seconds
Platform modules already initialized, skipping
Shader 'Universal Render Pipeline/Particles/Lit': fallback shader 'Universal Render Pipeline/Particles/SimpleLit' not found
Refreshing native plugins compatible for Editor in 0.75 ms, found 0 plugins.
Preloading 0 native plugins for Editor in 0.00 ms.
Unloading 2429 Unused Serialized files (Serialized files now loaded: 0)
System memory in use before: 115.6 MB.
System memory in use after: 115.8 MB.

Unloading 11 unused Assets to reduce memory usage. Loaded Objects now: 3006.
Total: 3.235900 ms (FindLiveObjects: 0.545400 ms CreateObjectMapping: 0.120300 ms MarkObjects: 2.489900 ms  DeleteObjects: 0.078800 ms)

========================================================================
Received Prepare
Registering precompiled user dll's ...
Registered in 0.002523 seconds.
Begin MonoManager ReloadAssembly
Native extension for LinuxStandalone target not found
Native extension for WindowsStandalone target not found
Refreshing native plugins compatible for Editor in 0.77 ms, found 0 plugins.
Preloading 0 native plugins for Editor in 0.00 ms.
Invoked RoslynAnalysisRunner static constructor.
RoslynAnalysisRunner will not be running.
RoslynAnalysisRunner has terminated.
URP_Renderer is missing RendererFeatures
This could be due to missing scripts or compile error.
UnityEngine.StackTraceUtility:ExtractStackTrace ()
UnityEngine.DebugLogHandler:LogFormat (UnityEngine.LogType,UnityEngine.Object,string,object[])
UnityEngine.Logger:Log (UnityEngine.LogType,object,UnityEngine.Object)
UnityEngine.Debug:LogError (object,UnityEngine.Object)
UnityEngine.Rendering.Universal.ScriptableRendererData:ValidateRendererFeatures () (at C:/Users/zakal_m9erurp/Documents/GitHub/GHex/HexRedone/Library/PackageCache/com.unity.render-pipelines.universal@10.3.2/Runtime/ScriptableRendererData.cs:135)
UnityEngine.Rendering.Universal.ScriptableRendererData:OnValidate () (at C:/Users/zakal_m9erurp/Documents/GitHub/GHex/HexRedone/Library/PackageCache/com.unity.render-pipelines.universal@10.3.2/Runtime/ScriptableRendererData.cs:59)

(Filename: C:/Users/zakal_m9erurp/Documents/GitHub/GHex/HexRedone/Library/PackageCache/com.unity.render-pipelines.universal@10.3.2/Runtime/ScriptableRendererData.cs Line: 135)

Mono: successfully reloaded assembly
- Completed reload, in  1.199 seconds
Platform modules already initialized, skipping
Shader 'Universal Render Pipeline/Particles/Lit': fallback shader 'Universal Render Pipeline/Particles/SimpleLit' not found
Refreshing native plugins compatible for Editor in 0.90 ms, found 0 plugins.
Preloading 0 native plugins for Editor in 0.00 ms.
Unloading 2429 Unused Serialized files (Serialized files now loaded: 0)
System memory in use before: 115.6 MB.
System memory in use after: 115.8 MB.

Unloading 11 unused Assets to reduce memory usage. Loaded Objects now: 3009.
Total: 5.445300 ms (FindLiveObjects: 1.141900 ms CreateObjectMapping: 0.332400 ms MarkObjects: 3.867200 ms  DeleteObjects: 0.102200 ms)

========================================================================
Received Prepare
Registering precompiled user dll's ...
Registered in 0.004472 seconds.
Begin MonoManager ReloadAssembly
Native extension for LinuxStandalone target not found
Native extension for WindowsStandalone target not found
Refreshing native plugins compatible for Editor in 1.00 ms, found 0 plugins.
Preloading 0 native plugins for Editor in 0.00 ms.
Invoked RoslynAnalysisRunner static constructor.
RoslynAnalysisRunner will not be running.
RoslynAnalysisRunner has terminated.
URP_Renderer is missing RendererFeatures
This could be due to missing scripts or compile error.
UnityEngine.StackTraceUtility:ExtractStackTrace ()
UnityEngine.DebugLogHandler:LogFormat (UnityEngine.LogType,UnityEngine.Object,string,object[])
UnityEngine.Logger:Log (UnityEngine.LogType,object,UnityEngine.Object)
UnityEngine.Debug:LogError (object,UnityEngine.Object)
UnityEngine.Rendering.Universal.ScriptableRendererData:ValidateRendererFeatures () (at C:/Users/zakal_m9erurp/Documents/GitHub/GHex/HexRedone/Library/PackageCache/com.unity.render-pipelines.universal@10.3.2/Runtime/ScriptableRendererData.cs:135)
UnityEngine.Rendering.Universal.ScriptableRendererData:OnValidate () (at C:/Users/zakal_m9erurp/Documents/GitHub/GHex/HexRedone/Library/PackageCache/com.unity.render-pipelines.universal@10.3.2/Runtime/ScriptableRendererData.cs:59)

(Filename: C:/Users/zakal_m9erurp/Documents/GitHub/GHex/HexRedone/Library/PackageCache/com.unity.render-pipelines.universal@10.3.2/Runtime/ScriptableRendererData.cs Line: 135)

Mono: successfully reloaded assembly
- Completed reload, in  1.302 seconds
Platform modules already initialized, skipping
Shader 'Universal Render Pipeline/Particles/Lit': fallback shader 'Universal Render Pipeline/Particles/SimpleLit' not found
Refreshing native plugins compatible for Editor in 0.76 ms, found 0 plugins.
Preloading 0 native plugins for Editor in 0.00 ms.
Unloading 2429 Unused Serialized files (Serialized files now loaded: 0)
System memory in use before: 115.6 MB.
System memory in use after: 115.8 MB.

Unloading 11 unused Assets to reduce memory usage. Loaded Objects now: 3012.
Total: 4.600000 ms (FindLiveObjects: 0.655800 ms CreateObjectMapping: 0.116200 ms MarkObjects: 3.719000 ms  DeleteObjects: 0.107100 ms)

========================================================================
Received Prepare
Registering precompiled user dll's ...
Registered in 0.001440 seconds.
Begin MonoManager ReloadAssembly
Native extension for LinuxStandalone target not found
Native extension for WindowsStandalone target not found
Refreshing native plugins compatible for Editor in 0.60 ms, found 0 plugins.
Preloading 0 native plugins for Editor in 0.00 ms.
Invoked RoslynAnalysisRunner static constructor.
RoslynAnalysisRunner will not be running.
RoslynAnalysisRunner has terminated.
URP_Renderer is missing RendererFeatures
This could be due to missing scripts or compile error.
UnityEngine.StackTraceUtility:ExtractStackTrace ()
UnityEngine.DebugLogHandler:LogFormat (UnityEngine.LogType,UnityEngine.Object,string,object[])
UnityEngine.Logger:Log (UnityEngine.LogType,object,UnityEngine.Object)
UnityEngine.Debug:LogError (object,UnityEngine.Object)
UnityEngine.Rendering.Universal.ScriptableRendererData:ValidateRendererFeatures () (at C:/Users/zakal_m9erurp/Documents/GitHub/GHex/HexRedone/Library/PackageCache/com.unity.render-pipelines.universal@10.3.2/Runtime/ScriptableRendererData.cs:135)
UnityEngine.Rendering.Universal.ScriptableRendererData:OnValidate () (at C:/Users/zakal_m9erurp/Documents/GitHub/GHex/HexRedone/Library/PackageCache/com.unity.render-pipelines.universal@10.3.2/Runtime/ScriptableRendererData.cs:59)

(Filename: C:/Users/zakal_m9erurp/Documents/GitHub/GHex/HexRedone/Library/PackageCache/com.unity.render-pipelines.universal@10.3.2/Runtime/ScriptableRendererData.cs Line: 135)

Mono: successfully reloaded assembly
- Completed reload, in  0.921 seconds
Platform modules already initialized, skipping
Shader 'Universal Render Pipeline/Particles/Lit': fallback shader 'Universal Render Pipeline/Particles/SimpleLit' not found
Refreshing native plugins compatible for Editor in 0.60 ms, found 0 plugins.
Preloading 0 native plugins for Editor in 0.00 ms.
Unloading 2429 Unused Serialized files (Serialized files now loaded: 0)
System memory in use before: 115.5 MB.
System memory in use after: 115.7 MB.

Unloading 11 unused Assets to reduce memory usage. Loaded Objects now: 3015.
Total: 3.089000 ms (FindLiveObjects: 0.714900 ms CreateObjectMapping: 0.174600 ms MarkObjects: 2.110900 ms  DeleteObjects: 0.086700 ms)

========================================================================
Received Prepare
Registering precompiled user dll's ...
Registered in 0.001726 seconds.
Begin MonoManager ReloadAssembly
Native extension for LinuxStandalone target not found
Native extension for WindowsStandalone target not found
Refreshing native plugins compatible for Editor in 0.59 ms, found 0 plugins.
Preloading 0 native plugins for Editor in 0.00 ms.
Invoked RoslynAnalysisRunner static constructor.
RoslynAnalysisRunner will not be running.
RoslynAnalysisRunner has terminated.
URP_Renderer is missing RendererFeatures
This could be due to missing scripts or compile error.
UnityEngine.StackTraceUtility:ExtractStackTrace ()
UnityEngine.DebugLogHandler:LogFormat (UnityEngine.LogType,UnityEngine.Object,string,object[])
UnityEngine.Logger:Log (UnityEngine.LogType,object,UnityEngine.Object)
UnityEngine.Debug:LogError (object,UnityEngine.Object)
UnityEngine.Rendering.Universal.ScriptableRendererData:ValidateRendererFeatures () (at C:/Users/zakal_m9erurp/Documents/GitHub/GHex/HexRedone/Library/PackageCache/com.unity.render-pipelines.universal@10.3.2/Runtime/ScriptableRendererData.cs:135)
UnityEngine.Rendering.Universal.ScriptableRendererData:OnValidate () (at C:/Users/zakal_m9erurp/Documents/GitHub/GHex/HexRedone/Library/PackageCache/com.unity.render-pipelines.universal@10.3.2/Runtime/ScriptableRendererData.cs:59)

(Filename: C:/Users/zakal_m9erurp/Documents/GitHub/GHex/HexRedone/Library/PackageCache/com.unity.render-pipelines.universal@10.3.2/Runtime/ScriptableRendererData.cs Line: 135)

Mono: successfully reloaded assembly
- Completed reload, in  0.831 seconds
Platform modules already initialized, skipping
Shader 'Universal Render Pipeline/Particles/Lit': fallback shader 'Universal Render Pipeline/Particles/SimpleLit' not found
Refreshing native plugins compatible for Editor in 0.53 ms, found 0 plugins.
Preloading 0 native plugins for Editor in 0.00 ms.
Unloading 2429 Unused Serialized files (Serialized files now loaded: 0)
System memory in use before: 115.6 MB.
System memory in use after: 115.8 MB.

Unloading 11 unused Assets to reduce memory usage. Loaded Objects now: 3018.
Total: 2.897000 ms (FindLiveObjects: 0.373900 ms CreateObjectMapping: 0.094700 ms MarkObjects: 2.339000 ms  DeleteObjects: 0.087900 ms)

========================================================================
Received Prepare
Registering precompiled user dll's ...
Registered in 0.008407 seconds.
Begin MonoManager ReloadAssembly
Native extension for LinuxStandalone target not found
Native extension for WindowsStandalone target not found
Refreshing native plugins compatible for Editor in 0.82 ms, found 0 plugins.
Preloading 0 native plugins for Editor in 0.00 ms.
Invoked RoslynAnalysisRunner static constructor.
RoslynAnalysisRunner will not be running.
RoslynAnalysisRunner has terminated.
URP_Renderer is missing RendererFeatures
This could be due to missing scripts or compile error.
UnityEngine.StackTraceUtility:ExtractStackTrace ()
UnityEngine.DebugLogHandler:LogFormat (UnityEngine.LogType,UnityEngine.Object,string,object[])
UnityEngine.Logger:Log (UnityEngine.LogType,object,UnityEngine.Object)
UnityEngine.Debug:LogError (object,UnityEngine.Object)
UnityEngine.Rendering.Universal.ScriptableRendererData:ValidateRendererFeatures () (at C:/Users/zakal_m9erurp/Documents/GitHub/GHex/HexRedone/Library/PackageCache/com.unity.render-pipelines.universal@10.3.2/Runtime/ScriptableRendererData.cs:135)
UnityEngine.Rendering.Universal.ScriptableRendererData:OnValidate () (at C:/Users/zakal_m9erurp/Documents/GitHub/GHex/HexRedone/Library/PackageCache/com.unity.render-pipelines.universal@10.3.2/Runtime/ScriptableRendererData.cs:59)

(Filename: C:/Users/zakal_m9erurp/Documents/GitHub/GHex/HexRedone/Library/PackageCache/com.unity.render-pipelines.universal@10.3.2/Runtime/ScriptableRendererData.cs Line: 135)

Mono: successfully reloaded assembly
- Completed reload, in  1.062 seconds
Platform modules already initialized, skipping
Shader 'Universal Render Pipeline/Particles/Lit': fallback shader 'Universal Render Pipeline/Particles/SimpleLit' not found
Refreshing native plugins compatible for Editor in 1.32 ms, found 0 plugins.
Preloading 0 native plugins for Editor in 0.00 ms.
Unloading 2429 Unused Serialized files (Serialized files now loaded: 0)
System memory in use before: 115.6 MB.
System memory in use after: 115.8 MB.

Unloading 11 unused Assets to reduce memory usage. Loaded Objects now: 3021.
Total: 15.830000 ms (FindLiveObjects: 2.231100 ms CreateObjectMapping: 0.294000 ms MarkObjects: 13.193000 ms  DeleteObjects: 0.109800 ms)

========================================================================
Received Prepare
Registering precompiled user dll's ...
Registered in 0.003833 seconds.
Begin MonoManager ReloadAssembly
Native extension for LinuxStandalone target not found
Native extension for WindowsStandalone target not found
Refreshing native plugins compatible for Editor in 0.51 ms, found 0 plugins.
Preloading 0 native plugins for Editor in 0.00 ms.
Invoked RoslynAnalysisRunner static constructor.
RoslynAnalysisRunner will not be running.
RoslynAnalysisRunner has terminated.
URP_Renderer is missing RendererFeatures
This could be due to missing scripts or compile error.
UnityEngine.StackTraceUtility:ExtractStackTrace ()
UnityEngine.DebugLogHandler:LogFormat (UnityEngine.LogType,UnityEngine.Object,string,object[])
UnityEngine.Logger:Log (UnityEngine.LogType,object,UnityEngine.Object)
UnityEngine.Debug:LogError (object,UnityEngine.Object)
UnityEngine.Rendering.Universal.ScriptableRendererData:ValidateRendererFeatures () (at C:/Users/zakal_m9erurp/Documents/GitHub/GHex/HexRedone/Library/PackageCache/com.unity.render-pipelines.universal@10.3.2/Runtime/ScriptableRendererData.cs:135)
UnityEngine.Rendering.Universal.ScriptableRendererData:OnValidate () (at C:/Users/zakal_m9erurp/Documents/GitHub/GHex/HexRedone/Library/PackageCache/com.unity.render-pipelines.universal@10.3.2/Runtime/ScriptableRendererData.cs:59)

(Filename: C:/Users/zakal_m9erurp/Documents/GitHub/GHex/HexRedone/Library/PackageCache/com.unity.render-pipelines.universal@10.3.2/Runtime/ScriptableRendererData.cs Line: 135)

Mono: successfully reloaded assembly
- Completed reload, in  0.904 seconds
Platform modules already initialized, skipping
Shader 'Universal Render Pipeline/Particles/Lit': fallback shader 'Universal Render Pipeline/Particles/SimpleLit' not found
Refreshing native plugins compatible for Editor in 1.12 ms, found 0 plugins.
Preloading 0 native plugins for Editor in 0.00 ms.
Unloading 2429 Unused Serialized files (Serialized files now loaded: 0)
System memory in use before: 115.6 MB.
System memory in use after: 115.8 MB.

Unloading 11 unused Assets to reduce memory usage. Loaded Objects now: 3024.
Total: 4.676200 ms (FindLiveObjects: 0.562800 ms CreateObjectMapping: 0.159000 ms MarkObjects: 3.760100 ms  DeleteObjects: 0.192000 ms)

========================================================================
Received Prepare
Registering precompiled user dll's ...
Registered in 0.002042 seconds.
Begin MonoManager ReloadAssembly
Native extension for LinuxStandalone target not found
Native extension for WindowsStandalone target not found
Refreshing native plugins compatible for Editor in 0.83 ms, found 0 plugins.
Preloading 0 native plugins for Editor in 0.00 ms.
Invoked RoslynAnalysisRunner static constructor.
RoslynAnalysisRunner will not be running.
RoslynAnalysisRunner has terminated.
URP_Renderer is missing RendererFeatures
This could be due to missing scripts or compile error.
UnityEngine.StackTraceUtility:ExtractStackTrace ()
UnityEngine.DebugLogHandler:LogFormat (UnityEngine.LogType,UnityEngine.Object,string,object[])
UnityEngine.Logger:Log (UnityEngine.LogType,object,UnityEngine.Object)
UnityEngine.Debug:LogError (object,UnityEngine.Object)
UnityEngine.Rendering.Universal.ScriptableRendererData:ValidateRendererFeatures () (at C:/Users/zakal_m9erurp/Documents/GitHub/GHex/HexRedone/Library/PackageCache/com.unity.render-pipelines.universal@10.3.2/Runtime/ScriptableRendererData.cs:135)
UnityEngine.Rendering.Universal.ScriptableRendererData:OnValidate () (at C:/Users/zakal_m9erurp/Documents/GitHub/GHex/HexRedone/Library/PackageCache/com.unity.render-pipelines.universal@10.3.2/Runtime/ScriptableRendererData.cs:59)

(Filename: C:/Users/zakal_m9erurp/Documents/GitHub/GHex/HexRedone/Library/PackageCache/com.unity.render-pipelines.universal@10.3.2/Runtime/ScriptableRendererData.cs Line: 135)

Mono: successfully reloaded assembly
- Completed reload, in  1.070 seconds
Platform modules already initialized, skipping
Shader 'Universal Render Pipeline/Particles/Lit': fallback shader 'Universal Render Pipeline/Particles/SimpleLit' not found
Refreshing native plugins compatible for Editor in 1.46 ms, found 0 plugins.
Preloading 0 native plugins for Editor in 0.00 ms.
Unloading 2429 Unused Serialized files (Serialized files now loaded: 0)
System memory in use before: 115.7 MB.
System memory in use after: 115.8 MB.

Unloading 11 unused Assets to reduce memory usage. Loaded Objects now: 3027.
Total: 4.375900 ms (FindLiveObjects: 0.632000 ms CreateObjectMapping: 0.171700 ms MarkObjects: 3.462400 ms  DeleteObjects: 0.107700 ms)

========================================================================
Received Prepare
Registering precompiled user dll's ...
Registered in 0.001573 seconds.
Begin MonoManager ReloadAssembly
Native extension for LinuxStandalone target not found
Native extension for WindowsStandalone target not found
Refreshing native plugins compatible for Editor in 0.89 ms, found 0 plugins.
Preloading 0 native plugins for Editor in 0.00 ms.
Invoked RoslynAnalysisRunner static constructor.
RoslynAnalysisRunner will not be running.
RoslynAnalysisRunner has terminated.
URP_Renderer is missing RendererFeatures
This could be due to missing scripts or compile error.
UnityEngine.StackTraceUtility:ExtractStackTrace ()
UnityEngine.DebugLogHandler:LogFormat (UnityEngine.LogType,UnityEngine.Object,string,object[])
UnityEngine.Logger:Log (UnityEngine.LogType,object,UnityEngine.Object)
UnityEngine.Debug:LogError (object,UnityEngine.Object)
UnityEngine.Rendering.Universal.ScriptableRendererData:ValidateRendererFeatures () (at C:/Users/zakal_m9erurp/Documents/GitHub/GHex/HexRedone/Library/PackageCache/com.unity.render-pipelines.universal@10.3.2/Runtime/ScriptableRendererData.cs:135)
UnityEngine.Rendering.Universal.ScriptableRendererData:OnValidate () (at C:/Users/zakal_m9erurp/Documents/GitHub/GHex/HexRedone/Library/PackageCache/com.unity.render-pipelines.universal@10.3.2/Runtime/ScriptableRendererData.cs:59)

(Filename: C:/Users/zakal_m9erurp/Documents/GitHub/GHex/HexRedone/Library/PackageCache/com.unity.render-pipelines.universal@10.3.2/Runtime/ScriptableRendererData.cs Line: 135)

Mono: successfully reloaded assembly
- Completed reload, in  0.905 seconds
Platform modules already initialized, skipping
Shader 'Universal Render Pipeline/Particles/Lit': fallback shader 'Universal Render Pipeline/Particles/SimpleLit' not found
Refreshing native plugins compatible for Editor in 0.56 ms, found 0 plugins.
Preloading 0 native plugins for Editor in 0.00 ms.
Unloading 2429 Unused Serialized files (Serialized files now loaded: 0)
System memory in use before: 115.6 MB.
System memory in use after: 115.8 MB.

Unloading 11 unused Assets to reduce memory usage. Loaded Objects now: 3030.
Total: 3.828500 ms (FindLiveObjects: 0.366800 ms CreateObjectMapping: 0.093700 ms MarkObjects: 3.283700 ms  DeleteObjects: 0.082200 ms)

AssetImportWorkerClient::OnTransportError - code=2 error=End of file
